study-app-tutorials/build/app/outputs/mapping/release/seeds.txt
com.bage.tutorials.MainActivity
com.bage.tutorials.MainActivity: MainActivity()
...
androidx.core.graphics.drawable.IconCompatParcelizer: androidx.core.graphics.drawable.IconCompat read(androidx.versionedparcelable.VersionedParcel)
tv.danmaku.ijk.media.player.IjkMediaPlayer: void _setPropertyLong(int,long)
androidx.appcompat.app.AlertController$RecycleListView
tv.danmaku.ijk.media.player.misc.IAndroidIO: long seek(long,int)
io.flutter.view.AccessibilityViewEmbedder: boolean requestSendAccessibilityEvent(android.view.View,android.view.View,android.view.accessibility.AccessibilityEvent)
io.flutter.embedding.engine.FlutterJNI: void nativeDispatchPlatformMessage(long,java.lang.String,java.nio.ByteBuffer,int,int)
androidx.media.AudioAttributesImplBase
io.flutter.embedding.engine.FlutterJNI: void nativeDestroy(long)
androidx.core.app.RemoteActionCompatParcelizer: RemoteActionCompatParcelizer()
tv.danmaku.ijk.media.player.IjkMediaPlayer: long getDuration()
androidx.vectordrawable.graphics.drawable.VectorDrawableCompat$VFullPath: float getTrimPathStart()
tv.danmaku.ijk.media.player.misc.IAndroidIO: int close()
io.flutter.embedding.engine.FlutterJNI: void nativeImageHeaderCallback(long,int,int)
com.crazecoder.openfile.FileProvider: FileProvider()
io.flutter.plugin.editing.ImeSyncDeferringInsetsCallback: io.flutter.plugin.editing.ImeSyncDeferringInsetsCallback$AnimationCallback animationCallback
io.flutter.view.AccessibilityViewEmbedder: java.util.Map embeddedViewToDisplayBounds
androidx.core.graphics.drawable.IconCompat
io.flutter.embedding.engine.FlutterJNI: void removeIsDisplayingFlutterUiListener(io.flutter.embedding.engine.renderer.FlutterUiDisplayListener)
androidx.lifecycle.LiveData$LifecycleBoundObserver
com.yalantis.ucrop.UCropActivity
io.flutter.plugin.editing.ImeSyncDeferringInsetsCallback: android.view.WindowInsetsAnimation$Callback getAnimationCallback()
io.flutter.embedding.engine.FlutterJNI: void onSurfaceWindowChanged(android.view.Surface)
android.support.v4.media.session.MediaSessionCompat$Token
com.yalantis.ucrop.view.OverlayView: OverlayView(android.content.Context,android.util.AttributeSet)
io.flutter.embedding.engine.FlutterJNI: io.flutter.embedding.engine.FlutterJNI nativeSpawn(long,java.lang.String,java.lang.String)
io.flutter.plugin.editing.ImeSyncDeferringInsetsCallback: int overlayInsetTypes
android.support.v4.media.session.MediaSessionCompat$QueueItem
android.support.v4.media.session.PlaybackStateCompat$CustomAction
io.flutter.embedding.engine.FlutterJNI: void ensureNotAttachedToNative()
io.flutter.embedding.engine.FlutterJNI: void onEndFrame()
android.support.v4.os.ResultReceiver: android.os.Parcelable$Creator CREATOR
io.flutter.embedding.engine.FlutterJNI: void setDeferredComponentManager(io.flutter.embedding.engine.deferredcomponents.DeferredComponentManager)
io.flutter.plugins.GeneratedPluginRegistrant: GeneratedPluginRegistrant()
io.flutter.plugins.GeneratedPluginRegistrant: void registerWith(io.flutter.embedding.engine.FlutterEngine)
io.flutter.embedding.android.FlutterSplashView$SavedState: android.os.Bundle access$702(io.flutter.embedding.android.FlutterSplashView$SavedState,android.os.Bundle)
io.flutter.embedding.engine.FlutterJNI: void runBundleAndSnapshotFromLibrary(java.lang.String,java.lang.String,java.lang.String,android.content.res.AssetManager)
io.flutter.embedding.engine.FlutterJNI: void registerTexture(long,io.flutter.embedding.engine.renderer.SurfaceTextureWrapper)
androidx.media.AudioAttributesImplBaseParcelizer
androidx.core.graphics.drawable.IconCompatParcelizer
tv.danmaku.ijk.media.player.IjkMediaPlayer: java.lang.String onSelectCodec(java.lang.Object,java.lang.String,int,int)
tv.danmaku.ijk.media.player.misc.MediaCodecSurface
androidx.lifecycle.ReportFragment$LifecycleCallbacks: void onActivityPaused(android.app.Activity)
androidx.vectordrawable.graphics.drawable.VectorDrawableCompat$VPath
androidx.transition.ChangeBounds$7: androidx.transition.ChangeBounds$ViewBounds mViewBounds