study-app-tutorials/build/app/outputs/mapping/release/mapping.txt
# compiler: R8
# compiler_version: 2.1.62
# min_api: 16
# pg_map_id: 3b69978
# common_typos_disable
...
androidx.core.content.res.FontResourcesParserCompat$FontFamilyFilesResourceEntry -> c.e.b.i.d:
    androidx.core.content.res.FontResourcesParserCompat$FontFileResourceEntry[] mEntries -> a
    androidx.core.content.res.FontResourcesParserCompat$FontFileResourceEntry[] getEntries() -> a
androidx.core.content.res.FontResourcesParserCompat$FontFileResourceEntry -> c.e.b.i.e:
    int mResourceId -> f
    java.lang.String mFileName -> a
    int mTtcIndex -> e
    int mWeight -> b
    boolean mItalic -> c
    java.lang.String mVariationSettings -> d
    java.lang.String getFileName() -> a
    int getResourceId() -> b
    int getTtcIndex() -> c
    java.lang.String getVariationSettings() -> d
    int getWeight() -> e
    boolean isItalic() -> f
androidx.core.content.res.FontResourcesParserCompat$ProviderResourceEntry -> c.e.b.i.f:
    androidx.core.provider.FontRequest mRequest -> a
    int mTimeoutMs -> b
    int mStrategy -> c
    java.lang.String mSystemFontFamilyName -> d
    int getFetchStrategy() -> a
    androidx.core.provider.FontRequest getRequest() -> b
    java.lang.String getSystemFontFamilyName() -> c
    int getTimeout() -> d
androidx.core.content.res.GradientColorInflaterCompat$ColorStops -> c.e.b.i.h:
    int[] mColors -> a
    float[] mOffsets -> b
androidx.core.content.res.ResourcesCompat -> c.e.b.i.o:
    java.lang.ThreadLocal sTempTypedValue -> a
    java.lang.Object sColorStateCacheLock -> c
    int $r8$clinit -> d
    java.util.WeakHashMap sColorStateCaches -> b
    1:1:android.content.res.ColorStateList getCachedColorStateList(androidx.core.content.res.ResourcesCompat$ColorStateListCacheKey,int):0:0 -> a
    1:1:android.content.res.ColorStateList getColorStateList(android.content.res.Resources,int,android.content.res.Resources$Theme):0 -> a
    2:2:android.util.TypedValue getTypedValue():0:0 -> a
    2:2:boolean isColorInt(android.content.res.Resources,int):0 -> a
    2:2:android.content.res.ColorStateList inflateColorStateList(android.content.res.Resources,int,android.content.res.Resources$Theme):0 -> a
    2:2:android.content.res.ColorStateList getColorStateList(android.content.res.Resources,int,android.content.res.Resources$Theme):0 -> a
    3:3:boolean isColorInt(android.content.res.Resources,int):0:0 -> a
    3:3:android.content.res.ColorStateList inflateColorStateList(android.content.res.Resources,int,android.content.res.Resources$Theme):0 -> a
    3:3:android.content.res.ColorStateList getColorStateList(android.content.res.Resources,int,android.content.res.Resources$Theme):0 -> a
    4:4:android.content.res.ColorStateList inflateColorStateList(android.content.res.Resources,int,android.content.res.Resources$Theme):0:0 -> a
androidx.core.content.res.ResourcesCompat$ColorStateListCacheEntry -> c.e.b.i.i:
    android.content.res.Configuration mConfiguration -> b
    android.content.res.ColorStateList mValue -> a
androidx.core.content.res.ResourcesCompat$ColorStateListCacheKey -> c.e.b.i.j:
    android.content.res.Resources$Theme mTheme -> b
    android.content.res.Resources mResources -> a
androidx.core.content.res.ResourcesCompat$FontCallback -> c.e.b.i.m:
    void callbackFailAsync(int,android.os.Handler) -> a
    void callbackSuccessAsync(android.graphics.Typeface,android.os.Handler) -> b
    android.os.Handler getHandler(android.os.Handler) -> c
    void onFontRetrieved(android.graphics.Typeface) -> d
androidx.core.content.res.ResourcesCompat$FontCallback$1 -> c.e.b.i.k:
    android.graphics.Typeface val$typeface -> b
    androidx.core.content.res.ResourcesCompat$FontCallback this$0 -> c
androidx.core.content.res.ResourcesCompat$FontCallback$2 -> c.e.b.i.l:
    int val$reason -> b
    androidx.core.content.res.ResourcesCompat$FontCallback this$0 -> c
    1:1:void androidx.appcompat.widget.AppCompatTextHelper$1.onFontRetrievalFailed(int):0:0 -> run
    1:1:void run():0 -> run