study-app-tutorials/build/app/outputs/mapping/release/usage.txt
com.bage.tutorials.R$style
com.bage.tutorials.R$string
com.bage.tutorials.R$dimen
com.bage.tutorials.R$color
com.bage.tutorials.R$mipmap
com.bage.tutorials.R$anim
com.bage.tutorials.R$layout
com.bage.tutorials.R$id
com.bage.tutorials.R$interpolator
com.bage.tutorials.BuildConfig
com.bage.tutorials.R$xml
com.bage.tutorials.R$styleable
com.bage.tutorials.R
com.bage.tutorials.R$bool
com.bage.tutorials.R$menu
com.bage.tutorials.R$integer
com.bage.tutorials.R$attr
com.bage.tutorials.R$drawable
com.bage.tutorials.R$animator
...
androidx.core.view.ViewCompat$Api29Impl:
    private void <init>()
com.google.common.util.concurrent.MoreExecutors
androidx.appcompat.widget.ScrollingTabContainerView$TabAdapter
com.google.common.util.concurrent.JdkFutureAdapters$ListenableFutureAdapter
com.crazecoder.openfile.utils.MapUtil:
    public void <init>()
kotlin.collections.FloatIterator
androidx.activity.result.contract.ActivityResultContracts$OpenDocumentTree
okhttp3.OkHttpClient$1:
    public void setCache(okhttp3.OkHttpClient$Builder,okhttp3.internal.cache.InternalCache)
    public boolean isInvalidHttpUrlHost(java.lang.IllegalArgumentException)
    public okhttp3.internal.connection.StreamAllocation streamAllocation(okhttp3.Call)
    public okhttp3.Call newWebSocketCall(okhttp3.OkHttpClient,okhttp3.Request)
androidx.fragment.app.FragmentManager$FragmentIntentSenderContract:
    public android.content.Intent createIntent(android.content.Context,androidx.activity.result.IntentSenderRequest)
    public synthetic bridge android.content.Intent createIntent(android.content.Context,java.lang.Object)
com.google.common.hash.AbstractNonStreamingHashFunction$ExposedByteArrayOutputStream
kotlin.comparisons.UComparisonsKt
kotlin.comparisons.ComparisonsKt___ComparisonsJvmKt
com.google.common.util.concurrent.FuturesGetChecked$GetCheckedTypeValidatorHolder$ClassValueValidator
kotlin.collections.ArraysKt___ArraysKt$withIndex$2
kotlin.collections.CollectionsKt__IteratorsJVMKt
io.flutter.plugins.share.R$string
com.yalantis.ucrop.R$dimen:
    private void <init>()
    public static final int abc_action_bar_content_inset_material
    public static final int abc_action_bar_content_inset_with_nav
    public static final int abc_action_bar_default_height_material
    public static final int abc_action_bar_default_padding_end_material
    public static final int abc_action_bar_default_padding_start_material
    public static final int abc_action_bar_elevation_material
    public static final int abc_action_bar_icon_vertical_padding_material
    public static final int abc_action_bar_overflow_padding_end_material
    public static final int abc_action_bar_overflow_padding_start_material
    public static final int abc_action_bar_stacked_max_height
    public static final int abc_action_bar_stacked_tab_max_width
    public static final int abc_action_bar_subtitle_bottom_margin_material
    public static final int abc_action_bar_subtitle_top_margin_material
    public static final int abc_action_button_min_height_material
    public static final int abc_action_button_min_width_material
    public static final int abc_action_button_min_width_overflow_material
    public static final int abc_alert_dialog_button_bar_height
    public static final int abc_alert_dialog_button_dimen
    public static final int abc_button_inset_horizontal_material
    public static final int abc_button_inset_vertical_material
    public static final int abc_button_padding_horizontal_material
androidx.core.widget.ListViewCompat:
    public static boolean canScrollList(android.widget.ListView,int)
    private void <init>()
com.google.common.io.LittleEndianDataOutputStream
androidx.transition.Styleable$TransitionSet
androidx.core.view.ViewCompat$FocusRealDirection
com.google.common.base.FinalizableReferenceQueue$SystemLoader
com.google.common.collect.LinkedHashMultimap$ValueSetLink
androidx.core.provider.SelfDestructiveThread$2$1
com.google.j2objc.annotations.WeakOuter
org.intellij.lang.annotations.JdkConstants$TitledBorderTitlePosition
androidx.fragment.app.SpecialEffectsController$Operation$State:
    public static androidx.fragment.app.SpecialEffectsController$Operation$State valueOf(java.lang.String)
androidx.fragment.app.Fragment$OnPreAttachedListener:
    synthetic void <init>(androidx.fragment.app.Fragment$1)
com.google.common.collect.MapMakerInternalMap$1
tv.danmaku.ijk.media.player.annotations.AccessedByNative
com.google.common.collect.MapMakerInternalMap$WeakKeyWeakValueSegment